<?xml version="1.0" encoding="UTF-8"?>
<!-- Generated by org.testng.reporters.JUnitReportReporter -->
<testsuite hostname="LAPTOP-8I0U4VIC" failures="0" tests="3" name="com.crm.qa.testcases.Loginpagetest" time="57.696" errors="0" timestamp="15 Nov 2020 06:41:53 GMT" skipped="0">
  <testcase classname="com.crm.qa.testcases.Loginpagetest" name="loginpagetitletest" time="17.956"/>
  <testcase classname="com.crm.qa.testcases.Loginpagetest" name="logoimagetest" time="16.573"/>
  <testcase classname="com.crm.qa.testcases.Loginpagetest" name="logintest" time="23.167"/>
</testsuite> <!-- com.crm.qa.testcases.Loginpagetest -->
