<?xml version="1.0" encoding="UTF-8"?>
<!-- Generated by org.testng.reporters.JUnitReportReporter -->
<testsuite hostname="LAPTOP-8I0U4VIC" failures="0" tests="3" name="com.crm.qa.testcases.Homepagetest" time="111.320" errors="0" timestamp="15 Nov 2020 06:41:53 GMT" skipped="0">
  <testcase classname="com.crm.qa.testcases.Homepagetest" name="verifyhomepagetitletest" time="39.214"/>
  <testcase classname="com.crm.qa.testcases.Homepagetest" name="verifyusernametest" time="32.544"/>
  <testcase classname="com.crm.qa.testcases.Homepagetest" name="verifycontactlisttest" time="39.562"/>
</testsuite> <!-- com.crm.qa.testcases.Homepagetest -->
